<?xml version="1.0" encoding="UTF-8"?>
<!-- Generated by org.testng.reporters.JUnitReportReporter -->
<testsuite hostname="LAPTOP-CEP6GR3D" failures="0" tests="2" name="demotest.lTest" time="0.009" errors="0" timestamp="2024-10-27T00:38:46 IST" skipped="0">
  <testcase classname="demotest.lTest" name="sampleTest1" time="0.001"/>
  <testcase classname="demotest.lTest" name="sampleTest" time="0.008"/>
</testsuite> <!-- demotest.lTest -->
