<?xml version="1.0" encoding="UTF-8"?>
<!-- Generated by org.testng.reporters.JUnitReportReporter -->
<testsuite hostname="LAPTOP-CEP6GR3D" failures="0" tests="1" name="demotest.launchTest" time="1.770" errors="0" timestamp="2024-10-27T01:00:49 IST" skipped="0">
  <testcase classname="demotest.launchTest" name="sampleTest1" time="1.770"/>
</testsuite> <!-- demotest.launchTest -->
