<?xml version="1.0" encoding="UTF-8"?>
<!-- Generated by org.testng.reporters.JUnitReportReporter -->
<testsuite hostname="LAPTOP-CEP6GR3D" failures="0" tests="2" name="demotest.launchTest" time="0.005" errors="0" timestamp="2024-10-27T00:51:25 IST" skipped="0">
  <testcase classname="demotest.launchTest" name="sampleTest" time="0.005"/>
  <testcase classname="demotest.launchTest" name="sampleTest1" time="0.000"/>
</testsuite> <!-- demotest.launchTest -->
